<?xml version="1.0" encoding="UTF-8"?>
<testsuite name="cmu.csdetector.metrics.MoveMethodLCOMTest" tests="1" skipped="0" failures="0" errors="0" timestamp="2023-04-04T21:12:27" hostname="pallavs-MacBook-Air.local" time="0.01">
  <properties/>
  <testcase name="calculateSimilarityCoefficient()" classname="cmu.csdetector.metrics.MoveMethodLCOMTest" time="0.01"/>
  <system-out><![CDATA[Starting: . Items to process: 1000
10.0% complete
20.0% complete
30.000002% complete
40.0% complete
50.0% complete
60.000004% complete
70.0% complete
80.0% complete
90.0% complete
100.0% complete

0.5
0.75

0.625
0.5

0.5
0.6666666666666666

0.95
0.8400000000000001

0.625
0.7
featureEnvyMethod
]]></system-out>
  <system-err><![CDATA[]]></system-err>
</testsuite>
